<?xml version='1.0' ?>
<!-- Basis Technology License -->
<BTLicense>
  <generator>ken</generator>
  <customer>Basis Internal Development</customer>
  <expiration>Perpetual</expiration>
  <license>
    <product>RLI</product>
    <license_key>43127EF499AD5C4CB9A9F64EB08EF86A8297266B8B248CEB54EEC95A4A996C35</license_key>
  </license>
  <license>
    <product>RCLU</product>
    <license_key>D56BECEEF2C871BF2D8A0805649BD2308297266B8B248CEB185619FB37C14E5F</license_key>
  </license>
  <license>
    <product>RLP</product>
    <language>Arabic</language>
    <function>Tokenizer,Base Noun Phrase Detector,Named Entity Extractor,POS Tagger,Sentence Boundary Detector,Script Region Detector,Language Region Detector,Text Boundary Detector,Produce Output,Morphological Analyzer,Token Normalization,Transcription/Transliteration,Variant Generator,Name Vocalization</function>
    <license_key>F8E5DE3E15F17B956D33B6E88D418E788297266B8B248CEB3CD00AE9E357DF179DA3ED67863425FC</license_key>
  </license>
  <license>
    <product>RLP</product>
    <language>Persian</language>
    <function>Tokenizer, Base Noun Phrase Detector, Part of Speech, Sentence Boundary Detection, Morphological Analyzer, Named Entity Extractor</function>
    <license_key>D762EB96EBC18EF9459852A67E8960E74A88C3496F9601D93E2B57BB3147D06EF10E964FE0ECB157E385C9F4EF616EFF31DEE438D7BE64206D388E6BF21813B9AAB8C897D8D47FA1A05B9C53EA9D9C46</license_key>
  </license>
  <license>
    <product>RLP</product>
    <language>Urdu</language>
    <function>Tokenizer, Base Noun Phrase Detector, Part of Speech, Sentence Boundary Detection, Morphological Analyzer, Named Entity Extractor</function>
    <license_key>976848ED8EDB1CC44BD667C4BD680CB042B401123B195760E08CCCA9F7C019F0F10E964FE0ECB157E385C9F4EF616EFF31DEE438D7BE64206D388E6BF21813B9AAB8C897D8D47FA1A05B9C53EA9D9C46</license_key>
  </license>
  <license>
    <product>RLP</product>
    <language>Chinese</language>
    <function>Tokenizer,Base Noun Phrase Detector,Named Entity Extractor,POS Tagger,Sentence Boundary Detector,Morphological Analyzer,Script Converter</function>
    <license_key>3FEBC8C5BAE582F840186D82B41D1A688297266B8B248CEBCE9A0766CACE4DDE3CD4B5230B0EBF8A</license_key>
  </license>
  <license>
    <product>RLP</product>
    <language>English</language>
    <function>Tokenizer,Base Noun Phrase Detector,Named Entity Extractor,POS Tagger,Sentence Boundary Detector,Script Region Detector,Language Region Detector,Text Boundary Detector,Produce Output,Morphological Analyzer,Stopwords,Token Normalization,Transcription/Transliteration</function>
    <license_key>F76E026364325E094536E6BE7BBB60F3D73D0BF7DAB5CD78CF565D4C93CBD12BA46ACAD596618C1C</license_key>
  </license>
  <license>
    <product>RLP</product>
    <language>EnglishUppercase</language>
    <function>Tokenizer,Base Noun Phrase Detector,Named Entity Extractor,POS Tagger,Sentence Boundary Detector,Script Region Detector,Language Region Detector,Text Boundary Detector,Produce Output,Morphological Analyzer,Stopwords,Token Normalization,Transcription/Transliteration</function>
    <license_key>43F893C33C6519767BECD89D7AD66BB6D73D0BF7DAB5CD785A3E6AE12079061D22A50797986BF9AC</license_key>
  </license>
  <license>
    <product>RLP</product>
    <language>French</language>
    <function>Tokenizer,Base Noun Phrase Detector,Named Entity Extractor,POS Tagger,Sentence Boundary Detector,Script Region Detector,Language Region Detector,Text Boundary Detector,Produce Output,Morphological Analyzer,Stopwords,Token Normalization,Transcription/Transliteration</function>
    <license_key>F99A3EB51302595AE8686B7F2DE2E7DE4A88C3496F9601D943BD516E9D93B632A46ACAD596618C1C</license_key>
  </license>
  <license>
    <product>RLP</product>
    <language>German</language>
    <function>Tokenizer,Base Noun Phrase Detector,Named Entity Extractor,POS Tagger,Sentence Boundary Detector,Script Region Detector,Language Region Detector,Text Boundary Detector,Produce Output,Morphological Analyzer,Stopwords,Token Normalization,Transcription/Transliteration</function>
    <license_key>2FC1F013E08C550DE17BCC74C454AA5BBC9EC618CB513614D5FCB93D7488C176A46ACAD596618C1C</license_key>
  </license>
  <license>
    <product>RLP</product>
    <language>Italian</language>
    <function>Tokenizer,Base Noun Phrase Detector,Named Entity Extractor,POS Tagger,Sentence Boundary Detector,Script Region Detector,Language Region Detector,Text Boundary Detector,Produce Output,Morphological Analyzer,Stopwords,Token Normalization,Transcription/Transliteration</function>
    <license_key>F17B6C9177FBAEB88D7232F4EBE74889CC18C6985192E1CC3089FED237497F45A46ACAD596618C1C</license_key>
  </license>
  <license>
    <product>RLP</product>
    <language>Japanese</language>
    <function>Tokenizer,Base Noun Phrase Detector,Named Entity Extractor,POS Tagger,Sentence Boundary Detector,Script Region Detector,Language Region Detector,Text Boundary Detector,Produce Output,Morphological Analyzer,Stopwords,Token Normalization,Transcription/Transliteration</function>
    <license_key>AC76E29BF884EB62BD9458329B870F43882A6696B824AF11FFC4B419F088B08EA46ACAD596618C1C</license_key>
  </license>
  <license>
    <product>RLP</product>
    <language>Korean</language>
    <function>Tokenizer,Base Noun Phrase Detector,Named Entity Extractor,POS Tagger,Sentence Boundary Detector,Script Region Detector,Language Region Detector,Text Boundary Detector,Produce Output,Morphological Analyzer,Stopwords,Token Normalization,Transcription/Transliteration</function>
    <license_key>EB71C23047508A3844FF26D7BF2B6498485EA574261D502A4070B3CF7C21E094A46ACAD596618C1C</license_key>
  </license>
  <license>
    <product>RLP</product>
    <language>Spanish</language>
    <function>Tokenizer,Base Noun Phrase Detector,Named Entity Extractor,POS Tagger,Sentence Boundary Detector,Script Region Detector,Language Region Detector,Text Boundary Detector,Produce Output,Morphological Analyzer,Stopwords,Token Normalization,Transcription/Transliteration</function>
    <license_key>182BEFD9AAA4CF16B08B5FC55F754022D73D0BF7DAB5CD78878EA483E2BD50D6A46ACAD596618C1C</license_key>
  </license>
  <license>
    <product>RLP</product>
    <language>Czech</language>
    <function>Tokenizer,Base Noun Phrase Detector,Named Entity Extractor,POS Tagger,Sentence Boundary Detector,Script Region Detector,Language Region Detector,Text Boundary Detector,Produce Output,Morphological Analyzer,Stopwords,Token Normalization,Transcription/Transliteration</function>
    <license_key>55F70D2C8895818F6C7311243C2AD8498BD48FF3BDBA52E2878EA483E2BD50D6A46ACAD596618C1C</license_key>
  </license>
  <license>
    <product>RLP</product>
    <language>Hungarian</language>
    <function>Tokenizer,Base Noun Phrase Detector,Named Entity Extractor,POS Tagger,Sentence Boundary Detector,Script Region Detector,Language Region Detector,Text Boundary Detector,Produce Output,Morphological Analyzer,Stopwords,Token Normalization,Transcription/Transliteration</function>
    <license_key>27AF2B8CE82154EF073BAEB1001CDB89532FE1FC817B1F18ACFAC7FB88325952A46ACAD596618C1C</license_key>
  </license>
  <license>
    <product>RLP</product>
    <language>Dutch</language>
    <function>Tokenizer,Base Noun Phrase Detector,Named Entity Extractor,POS Tagger,Sentence Boundary Detector,Script Region Detector,Language Region Detector,Text Boundary Detector,Produce Output,Morphological Analyzer,Stopwords,Token Normalization,Transcription/Transliteration</function>
    <license_key>3A98D0DC51FCD6AC43629FE3643495FC6D1D2D061D3368950CA4900131E56C80A46ACAD596618C1C</license_key>
  </license>
  <license>
    <product>RLP</product>
    <language>Polish</language>
    <function>Tokenizer,Base Noun Phrase Detector,Named Entity Extractor,POS Tagger,Sentence Boundary Detector,Script Region Detector,Language Region Detector,Text Boundary Detector,Produce Output,Morphological Analyzer,Stopwords,Token Normalization,Transcription/Transliteration</function>
    <license_key>8C049E41A6518C6E55EE20AED211F5264E6EB7ACF89B15CB0CA4900131E56C80A46ACAD596618C1C</license_key>
  </license>
  <license>
    <product>RLP</product>
    <language>Portuguese</language>
    <function>Tokenizer,Base Noun Phrase Detector,Named Entity Extractor,POS Tagger,Sentence Boundary Detector,Script Region Detector,Language Region Detector,Text Boundary Detector,Produce Output,Morphological Analyzer,Stopwords,Token Normalization,Transcription/Transliteration</function>
    <license_key>B1A000DCE5FFDB097A11D6B74A23310B4E6EB7ACF89B15CB3089FED237497F45A46ACAD596618C1C</license_key>
  </license>
  <license>
    <product>RLP</product>
    <language>Greek</language>
    <function>Tokenizer,Base Noun Phrase Detector,Named Entity Extractor,POS Tagger,Sentence Boundary Detector,Script Region Detector,Language Region Detector,Text Boundary Detector,Produce Output,Morphological Analyzer,Stopwords,Token Normalization,Transcription/Transliteration</function>
    <license_key>5BB2DB5D6AE59A55F858327F817B7491D73D0BF7DAB5CD780CA4900131E56C80A46ACAD596618C1C</license_key>
  </license>
  <license>
    <product>RLP</product>
    <language>Russian</language>
    <function>Tokenizer,Base Noun Phrase Detector,Named Entity Extractor,POS Tagger,Sentence Boundary Detector,Script Region Detector,Language Region Detector,Text Boundary Detector,Produce Output,Morphological Analyzer,Stopwords,Token Normalization,Transcription/Transliteration</function>
    <license_key>9743CE6DCE3E8A655EBBD477EB99EECC61F02988569450CAACFAC7FB88325952A46ACAD596618C1C</license_key>
  </license>
  <license>
    <product>RLP</product>
    <feature>MLI</feature>
    <function>Script Region Detector,Language Region Detector,Text Boundary Detector</function>
    <license_key>8444D83DC1711066392F639BF71DBCCE38A18A06526C951D25E3DF7873D27717</license_key>
  </license>
  <license>
    <product>RDIF</product>
    <license_key>588B46A376E0D4E952DEACDC427914B28297266B8B248CEB6E2E552361A45A80</license_key>
  </license>
  <license>
  <product>RLP</product>
  <feature>NameMatching</feature>
  <license_key>664FEC2AD5EA262281D506E62C46F0B095CB1BFE7BD838DC3A39C53AA44F69DD2F90FAAD07CCFAE0</license_key>
  </license>
  <license>
  <product>RLP</product>
  <feature>HTMLStripper</feature>
  <license_key>BF28A962DB07E5ADB9B7171710751BF067AF986B03487D8E264EC64CAF9B374FDA1D588E6FE0E582</license_key>
  </license>
  <license>
    <product>RLP</product>
    <feature>RNT</feature>
    <function>Tokenizer</function>
    <license_key>8C976570B8A57160D159BB9A230D0A628297266B8B248CEB9BE650AB4CDD83E94BAC7BB37B76F95BE133F4203E94E1AE3F7596E5378C42348F45102E43F18DE05E1C692524B9A5F4</license_key>
  </license>
  <license>
    <product>RLP</product>
    <feature>ANTF</feature>
    <function>Tokenizer</function>
    <license_key>9D50EE8375B138C33AA14257D224DA117C6428D9F49BBB74BE08850A4AE5176E7F5308686946959E663AB38F2CF332395F5EB866CB9A3371D8B8AA272E778B61ACF8F7A0D7CD3BE6</license_key>
  </license>
  <license>
    <product>RLP</product>
    <feature>ASKT</feature>
    <function>Tokenizer</function>
    <license_key>054FF8C59BE6216798F9072B5357A5977C6428D9F49BBB746727C8A57AEFD9097F5308686946959E663AB38F2CF332395F5EB866CB9A3371D8B8AA272E778B61ACF8F7A0D7CD3BE6</license_key>
  </license>
  <license>
    <product>RLP</product>
    <feature>GNM</feature>
    <function>Tokenizer</function>
    <license_key>65C2480D2046EE3EF0AE0FF5727999D62E9449A42333881A925FAFD0752FB5354BAC7BB37B76F95BE133F4203E94E1AE3F7596E5378C42348F45102E43F18DE05E1C692524B9A5F4</license_key>
  </license>

  <license>
    <product>RLP</product>
    <feature>RNC</feature>
    <function>Tokenizer</function>
    <license_key>13B58C75576649D3C437F7BF8FF81D7D8297266B8B248CEB452D57120EB942544BAC7BB37B76F95BE133F4203E94E1AE3F7596E5378C42348F45102E43F18DE05E1C692524B9A5F4</license_key>
  </license>
  <license>
    <product>RLP</product>
    <feature>XA</feature>
    <function>Tokenizer</function>
    <license_key>835BDF899681D10CAFB6E675137077F04D899B17339A1FBE2D5B0A24AD0EFCD2E385C9F4EF616EFFBBDFE005EEFA385A5A3173EF0018B5378F73ACEE1109B0DA560272F8A43C6F00</license_key>
  </license>

  <license>

    <product>RLP</product>
    <feature>RAA</feature>
    <function>Tokenizer, NE Annotation</function>
    <license_key>80BAD9B5AC11CA40911ED073632C63358297266B8B248CEB2D36B4DF7B5C6DFF7F5308686946959E984F3BE740CF9F1AD4E8BAE5FD0D6C39B121AE23E2F3FC63</license_key>

  </license>


</BTLicense>
